<?xml version="1.0" encoding="UTF-8"?>
<!-- Generated by org.testng.reporters.JUnitReportReporter -->
<testsuite hostname="SS-2017-03-102" failures="0" tests="1" name="bhagyashri.ExtendReports.ExtendReportDemo" time="5.522" errors="0" timestamp="2022-08-22T19:44:30 IST" skipped="0">
  <testcase classname="bhagyashri.ExtendReports.ExtendReportDemo" name="intialDemo" time="5.522"/>
  <system-out/>
</testsuite> <!-- bhagyashri.ExtendReports.ExtendReportDemo -->
